<?xml version="1.0" encoding="UTF-8"?>
<!-- Generated by org.testng.reporters.JUnitXMLReporter -->
<testsuite ignored="0" hostname="EVT01213NB" failures="0" tests="4" name="Test" time="58.672" errors="0" timestamp="2020-04-15T22:21:22 EET">
  <testcase classname="Academy.ValidateNavigationBar" name="basePageNavigation" time="0.156"/>
  <testcase classname="Academy.ValidateTitle" name="basePageNavigation" time="0.095"/>
  <testcase classname="Academy.HomePage" name="basePageNavigation" time="21.517"/>
  <testcase classname="Academy.HomePage" name="basePageNavigation" time="14.434"/>
</testsuite> <!-- Test -->
