<?xml version="1.0" encoding="UTF-8"?>
<testsuite xmlns:xsi="http://www.w3.org/2001/XMLSchema-instance" xsi:noNamespaceSchemaLocation="https://maven.apache.org/surefire/maven-surefire-plugin/xsd/surefire-test-report-3.0.xsd" version="3.0" name="TestSuite" time="55.204" tests="4" errors="0" skipped="0" failures="1">
  <properties>
[...]
</properties>
  <testcase name="validateNavBar" classname="Academy.ValidateNavigationBar" time="0.114"/>
  <testcase name="validateAppTitle" classname="Academy.ValidateTitle" time="0.055">
    <failure message="expected [FEATURED COURSES1] but found [FEATURED COURSES]" type="java.lang.AssertionError"><![CDATA[java.lang.AssertionError: expected [FEATURED COURSES1] but found [FEATURED COURSES]
	at Academy.ValidateTitle.validateAppTitle(ValidateTitle.java:32)
]]></failure>
    <system-err><![CDATA[Starting ChromeDriver 80.0.3987.106 (f68069574609230cf9b635cd784cfb1bf81bb53a-refs/branch-heads/3987@{#882}) on port 14193
Only local connections are allowed.
Please protect ports used by ChromeDriver and related test frameworks to prevent access by malicious code.
[1586983971.772][WARNING]: This version of ChromeDriver has not been tested with Chrome version 81.
Nis 15, 2020 11:52:52 ÖS org.openqa.selenium.remote.ProtocolHandshake createSession
INFO: Detected dialect: W3C
[1586983973.028][SEVERE]: Timed out receiving message from renderer: 0.100
[1586983973.144][SEVERE]: Timed out receiving message from renderer: 0.100
[1586983973.265][SEVERE]: Timed out receiving message from renderer: 0.100
[1586983973.377][SEVERE]: Timed out receiving message from renderer: 0.100
[1586983973.480][SEVERE]: Timed out receiving message from renderer: 0.100
[1586983973.582][SEVERE]: Timed out receiving message from renderer: 0.100
[1586983973.684][SEVERE]: Timed out receiving message from renderer: 0.100
[1586983973.786][SEVERE]: Timed out receiving message from renderer: 0.100
[1586983973.889][SEVERE]: Timed out receiving message from renderer: 0.100
[1586983973.991][SEVERE]: Timed out receiving message from renderer: 0.100
[1586983974.095][SEVERE]: Timed out receiving message from renderer: 0.100
[1586983974.196][SEVERE]: Timed out receiving message from renderer: 0.100
[1586983974.298][SEVERE]: Timed out receiving message from renderer: 0.100
[1586983974.400][SEVERE]: Timed out receiving message from renderer: 0.100
[1586983975.426][SEVERE]: Timed out receiving message from renderer: 0.100
[1586983975.558][SEVERE]: Timed out receiving message from renderer: 0.100
[1586983975.667][SEVERE]: Timed out receiving message from renderer: 0.100
[1586983975.792][SEVERE]: Timed out receiving message from renderer: 0.100
[1586983975.950][SEVERE]: Timed out receiving message from renderer: 0.100
[1586983976.056][SEVERE]: Timed out receiving message from renderer: 0.100
[1586983976.192][SEVERE]: Timed out receiving message from renderer: 0.100
[1586983976.319][SEVERE]: Timed out receiving message from renderer: 0.100
]]></system-err>
  </testcase>
  <testcase name="basePageNavigation" classname="Academy.HomePage" time="18.157"/>
  <testcase name="basePageNavigation" classname="Academy.HomePage" time="13.246"/>
</testsuite>